<?xml version="1.0" encoding="UTF-8"?>
<testsuite xmlns:xsi="http://www.w3.org/2001/XMLSchema-instance" xsi:noNamespaceSchemaLocation="https://maven.apache.org/surefire/maven-surefire-plugin/xsd/surefire-test-report.xsd" name="com.samplepro.project.AppTest" time="1,148.081" tests="35" errors="0" skipped="1" failures="0">
  <properties>
[...]
</properties>
  <testcase name="shouldAnswerWithTrue" classname="com.samplepro.project.AppTest" time="34.658"/>
  <testcase name="shouldAnswerWithTrue" classname="com.samplepro.project.AppTest" time="32.039"/>
  <testcase name="shouldAnswerWithTrue" classname="com.samplepro.project.AppTest" time="31.822"/>
  <testcase name="shouldAnswerWithTrue" classname="com.samplepro.project.AppTest" time="31.81"/>
  <testcase name="shouldAnswerWithTrue" classname="com.samplepro.project.AppTest" time="31.611"/>
  <testcase name="shouldAnswerWithTrue" classname="com.samplepro.project.AppTest" time="32.262"/>
  <testcase name="shouldAnswerWithTrue" classname="com.samplepro.project.AppTest" time="31.762"/>
  <testcase name="shouldAnswerWithTrue" classname="com.samplepro.project.AppTest" time="0">
    <skipped message="skip"/>
    <system-out><![CDATA[https://slicsit.novactech.net/404 is a broken link 404
]]></system-out>
  </testcase>
  <testcase name="shouldAnswerWithTrue" classname="com.samplepro.project.AppTest" time="31.798"/>
  <testcase name="shouldAnswerWithTrue" classname="com.samplepro.project.AppTest" time="31.185"/>
  <testcase name="shouldAnswerWithTrue" classname="com.samplepro.project.AppTest" time="32.233"/>
  <testcase name="shouldAnswerWithTrue" classname="com.samplepro.project.AppTest" time="31.656"/>
  <testcase name="shouldAnswerWithTrue" classname="com.samplepro.project.AppTest" time="29.933"/>
  <testcase name="shouldAnswerWithTrue" classname="com.samplepro.project.AppTest" time="31.744"/>
  <testcase name="shouldAnswerWithTrue" classname="com.samplepro.project.AppTest" time="32.606"/>
  <testcase name="shouldAnswerWithTrue" classname="com.samplepro.project.AppTest" time="31.882"/>
  <testcase name="shouldAnswerWithTrue" classname="com.samplepro.project.AppTest" time="32.704"/>
  <testcase name="shouldAnswerWithTrue" classname="com.samplepro.project.AppTest" time="48.088"/>
  <testcase name="shouldAnswerWithTrue" classname="com.samplepro.project.AppTest" time="31.905"/>
  <testcase name="shouldAnswerWithTrue" classname="com.samplepro.project.AppTest" time="31.509"/>
  <testcase name="shouldAnswerWithTrue" classname="com.samplepro.project.AppTest" time="31.721"/>
  <testcase name="shouldAnswerWithTrue" classname="com.samplepro.project.AppTest" time="32.538"/>
  <testcase name="shouldAnswerWithTrue" classname="com.samplepro.project.AppTest" time="34.333"/>
  <testcase name="shouldAnswerWithTrue" classname="com.samplepro.project.AppTest" time="31.099"/>
  <testcase name="shouldAnswerWithTrue" classname="com.samplepro.project.AppTest" time="31.548"/>
  <testcase name="shouldAnswerWithTrue" classname="com.samplepro.project.AppTest" time="31.301"/>
  <testcase name="shouldAnswerWithTrue" classname="com.samplepro.project.AppTest" time="33.885"/>
  <testcase name="shouldAnswerWithTrue" classname="com.samplepro.project.AppTest" time="31.238"/>
  <testcase name="shouldAnswerWithTrue" classname="com.samplepro.project.AppTest" time="32.225"/>
  <testcase name="shouldAnswerWithTrue" classname="com.samplepro.project.AppTest" time="32.43"/>
  <testcase name="shouldAnswerWithTrue" classname="com.samplepro.project.AppTest" time="31.66"/>
  <testcase name="shouldAnswerWithTrue" classname="com.samplepro.project.AppTest" time="31.266"/>
  <testcase name="shouldAnswerWithTrue" classname="com.samplepro.project.AppTest" time="31.786"/>
  <testcase name="shouldAnswerWithTrue" classname="com.samplepro.project.AppTest" time="31.591"/>
  <testcase name="shouldAnswerWithTrue" classname="com.samplepro.project.AppTest" time="34.535"/>
</testsuite>