<?xml version="1.0" encoding="UTF-8"?>
<testng-results ignored="0" total="35" passed="34" failed="0" skipped="1">
  <reporter-output>
  </reporter-output>
  <suite started-at="2023-07-05T06:34:29Z" name="Surefire suite" finished-at="2023-07-05T06:53:36Z" duration-ms="1147193">
    <groups>
    </groups>
    <test started-at="2023-07-05T06:34:29Z" name="Surefire test" finished-at="2023-07-05T06:53:36Z" duration-ms="1147193">
      <class name="com.samplepro.project.AppTest">
        <test-method is-config="true" signature="browserExe()[pri:0, instance:com.samplepro.project.AppTest@38364841]" started-at="2023-07-05T06:34:29Z" name="browserExe" finished-at="2023-07-05T06:34:41Z" duration-ms="12024" status="PASS">
          <reporter-output>
          </reporter-output>
        </test-method> <!-- browserExe -->
        <test-method signature="shouldAnswerWithTrue(java.lang.String, java.lang.String, java.lang.String, java.lang.String, java.lang.String, java.lang.String)[pri:0, instance:com.samplepro.project.AppTest@38364841]" started-at="2023-07-05T06:34:42Z" name="shouldAnswerWithTrue" data-provider="getTestData" finished-at="2023-07-05T06:35:17Z" duration-ms="34649" status="PASS">
          <params>
            <param index="0">
              <value>
                <![CDATA[1]]>
              </value>
            </param>
            <param index="1">
              <value>
                <![CDATA[https://slicsit.novactech.net/]]>
              </value>
            </param>
            <param index="2">
              <value>
                <![CDATA[get life insurance plans & policies online | shriram life insurance]]>
              </value>
            </param>
            <param index="3">
              <value>
                <![CDATA[shriram life offers a range of life insurance plans covering senior citizens, women, child and nris. choose the best savings, protection, retirement and child plans]]>
              </value>
            </param>
            <param index="4">
              <value>
                <![CDATA[dffdsf]]>
              </value>
            </param>
            <param index="5">
              <value>
                <![CDATA[let us help to you to choose the right life insurance plan]]>
              </value>
            </param>
          </params>
          <reporter-output>
          </reporter-output>
        </test-method> <!-- shouldAnswerWithTrue -->
        <test-method signature="shouldAnswerWithTrue(java.lang.String, java.lang.String, java.lang.String, java.lang.String, java.lang.String, java.lang.String)[pri:0, instance:com.samplepro.project.AppTest@38364841]" started-at="2023-07-05T06:35:17Z" name="shouldAnswerWithTrue" data-provider="getTestData" finished-at="2023-07-05T06:35:49Z" duration-ms="32055" status="PASS">
          <params>
            <param index="0">
              <value>
                <![CDATA[2]]>
              </value>
            </param>
            <param index="1">
              <value>
                <![CDATA[https://slicsit.novactech.net/contact-us/faqs]]>
              </value>
            </param>
            <param index="2">
              <value>
                <![CDATA[frequently asked questions | shriram life insurance]]>
              </value>
            </param>
            <param index="3">
              <value>
                <![CDATA[shriram life compiled a list of frequently asked life insurance questions and answers]]>
              </value>
            </param>
            <param index="4">
              <value>
                <![CDATA[dffdsf]]>
              </value>
            </param>
            <param index="5">
              <value>
                <![CDATA[frequently asked questions(faq)]]>
              </value>
            </param>
          </params>
          <reporter-output>
          </reporter-output>
        </test-method> <!-- shouldAnswerWithTrue -->
        <test-method signature="shouldAnswerWithTrue(java.lang.String, java.lang.String, java.lang.String, java.lang.String, java.lang.String, java.lang.String)[pri:0, instance:com.samplepro.project.AppTest@38364841]" started-at="2023-07-05T06:35:49Z" name="shouldAnswerWithTrue" data-provider="getTestData" finished-at="2023-07-05T06:36:21Z" duration-ms="31822" status="PASS">
          <params>
            <param index="0">
              <value>
                <![CDATA[3]]>
              </value>
            </param>
            <param index="1">
              <value>
                <![CDATA[https://slicsit.novactech.net/contact-us/service-request]]>
              </value>
            </param>
            <param index="2">
              <value>
                <![CDATA[service request | shriram life insurance]]>
              </value>
            </param>
            <param index="3">
              <value>
                <![CDATA[speak to shriram life insurance company's experts for all your service requests. our branch locator helps you to find the nearest branch across india.]]>
              </value>
            </param>
            <param index="4">
              <value>
                <![CDATA[dffdsf]]>
              </value>
            </param>
            <param index="5">
              <value>
                <![CDATA[service request]]>
              </value>
            </param>
          </params>
          <reporter-output>
          </reporter-output>
        </test-method> <!-- shouldAnswerWithTrue -->
        <test-method signature="shouldAnswerWithTrue(java.lang.String, java.lang.String, java.lang.String, java.lang.String, java.lang.String, java.lang.String)[pri:0, instance:com.samplepro.project.AppTest@38364841]" started-at="2023-07-05T06:36:21Z" name="shouldAnswerWithTrue" data-provider="getTestData" finished-at="2023-07-05T06:36:53Z" duration-ms="31810" status="PASS">
          <params>
            <param index="0">
              <value>
                <![CDATA[4]]>
              </value>
            </param>
            <param index="1">
              <value>
                <![CDATA[https://slicsit.novactech.net/contact-us/sales-service-enquiry]]>
              </value>
            </param>
            <param index="2">
              <value>
                <![CDATA[sales and service enquiry | shriram life insurance]]>
              </value>
            </param>
            <param index="3">
              <value>
                <![CDATA[speak to shriram life insurance company's experts for all your sales and service related queries. our branch locator helps you to find the nearest branch across india.]]>
              </value>
            </param>
            <param index="4">
              <value>
                <![CDATA[dffdsf]]>
              </value>
            </param>
            <param index="5">
              <value>
                <![CDATA[sales and service enquiry]]>
              </value>
            </param>
          </params>
          <reporter-output>
          </reporter-output>
        </test-method> <!-- shouldAnswerWithTrue -->
        <test-method signature="shouldAnswerWithTrue(java.lang.String, java.lang.String, java.lang.String, java.lang.String, java.lang.String, java.lang.String)[pri:0, instance:com.samplepro.project.AppTest@38364841]" started-at="2023-07-05T06:36:53Z" name="shouldAnswerWithTrue" data-provider="getTestData" finished-at="2023-07-05T06:37:24Z" duration-ms="31610" status="PASS">
          <params>
            <param index="0">
              <value>
                <![CDATA[5]]>
              </value>
            </param>
            <param index="1">
              <value>
                <![CDATA[https://slicsit.novactech.net/services/aadhaar-ekyc-consent-revoking]]>
              </value>
            </param>
            <param index="2">
              <value>
                <![CDATA[aadhaar e-kyc consent revoking | shriram life insurance]]>
              </value>
            </param>
            <param index="3">
              <value>
                <![CDATA[aadhaar e-kyc consent revoking by shriram life insurance]]>
              </value>
            </param>
            <param index="4">
              <value>
                <![CDATA[dffdsf]]>
              </value>
            </param>
            <param index="5">
              <value>
                <![CDATA[aadhaar e-kyc consent revoking]]>
              </value>
            </param>
          </params>
          <reporter-output>
          </reporter-output>
        </test-method> <!-- shouldAnswerWithTrue -->
        <test-method signature="shouldAnswerWithTrue(java.lang.String, java.lang.String, java.lang.String, java.lang.String, java.lang.String, java.lang.String)[pri:0, instance:com.samplepro.project.AppTest@38364841]" started-at="2023-07-05T06:37:24Z" name="shouldAnswerWithTrue" data-provider="getTestData" finished-at="2023-07-05T06:37:56Z" duration-ms="32262" status="PASS">
          <params>
            <param index="0">
              <value>
                <![CDATA[6]]>
              </value>
            </param>
            <param index="1">
              <value>
                <![CDATA[https://slicsit.novactech.net/testimonials/customer-testimonials]]>
              </value>
            </param>
            <param index="2">
              <value>
                <![CDATA[customer testimonials | shriram life insurance]]>
              </value>
            </param>
            <param index="3">
              <value>
                <![CDATA[get to know the customer testimonials]]>
              </value>
            </param>
            <param index="4">
              <value>
                <![CDATA[dffdsf]]>
              </value>
            </param>
            <param index="5">
              <value>
                <![CDATA[alpabetical testimonials]]>
              </value>
            </param>
          </params>
          <reporter-output>
          </reporter-output>
        </test-method> <!-- shouldAnswerWithTrue -->
        <test-method signature="shouldAnswerWithTrue(java.lang.String, java.lang.String, java.lang.String, java.lang.String, java.lang.String, java.lang.String)[pri:0, instance:com.samplepro.project.AppTest@38364841]" started-at="2023-07-05T06:37:56Z" name="shouldAnswerWithTrue" data-provider="getTestData" finished-at="2023-07-05T06:38:28Z" duration-ms="31763" status="PASS">
          <params>
            <param index="0">
              <value>
                <![CDATA[7]]>
              </value>
            </param>
            <param index="1">
              <value>
                <![CDATA[https://slicsit.novactech.net/legal/terms-and-conditions]]>
              </value>
            </param>
            <param index="2">
              <value>
                <![CDATA[terms and conditions | shriram life insurance]]>
              </value>
            </param>
            <param index="3">
              <value>
                <![CDATA[get to know the shriram life terms and conditions]]>
              </value>
            </param>
            <param index="4">
              <value>
                <![CDATA[dffdsf]]>
              </value>
            </param>
            <param index="5">
              <value>
                <![CDATA[terms and conditions]]>
              </value>
            </param>
          </params>
          <reporter-output>
          </reporter-output>
        </test-method> <!-- shouldAnswerWithTrue -->
        <test-method signature="shouldAnswerWithTrue(java.lang.String, java.lang.String, java.lang.String, java.lang.String, java.lang.String, java.lang.String)[pri:0, instance:com.samplepro.project.AppTest@38364841]" started-at="2023-07-05T06:38:28Z" name="shouldAnswerWithTrue" data-provider="getTestData" finished-at="2023-07-05T06:38:54Z" duration-ms="25442" status="SKIP">
          <params>
            <param index="0">
              <value>
                <![CDATA[8]]>
              </value>
            </param>
            <param index="1">
              <value>
                <![CDATA[https://slicsit.novactech.net/404]]>
              </value>
            </param>
            <param index="2">
              <value>
                <![CDATA[404 error | shriram life insurance]]>
              </value>
            </param>
            <param index="3">
              <value>
                <![CDATA[404 error in the website. you will be redirected to life insurance policy pages.]]>
              </value>
            </param>
            <param index="4">
              <value>
                <![CDATA[dffdsf]]>
              </value>
            </param>
            <param index="5">
              <value>
                <![CDATA[404 error]]>
              </value>
            </param>
          </params>
          <exception class="org.testng.SkipException">
            <message>
              <![CDATA[skip]]>
            </message>
            <full-stacktrace>
              <![CDATA[org.testng.SkipException: skip
at com.samplepro.project.AppTest.shouldAnswerWithTrue(AppTest.java:89)
at java.base/jdk.internal.reflect.NativeMethodAccessorImpl.invoke0(Native Method)
at java.base/jdk.internal.reflect.NativeMethodAccessorImpl.invoke(NativeMethodAccessorImpl.java:77)
at java.base/jdk.internal.reflect.DelegatingMethodAccessorImpl.invoke(DelegatingMethodAccessorImpl.java:43)
at java.base/java.lang.reflect.Method.invoke(Method.java:568)
at org.testng.internal.MethodInvocationHelper.invokeMethod(MethodInvocationHelper.java:124)
at org.testng.internal.Invoker.invokeMethod(Invoker.java:583)
at org.testng.internal.Invoker.invokeTestMethod(Invoker.java:719)
at org.testng.internal.Invoker.invokeTestMethods(Invoker.java:989)
at org.testng.internal.TestMethodWorker.invokeTestMethods(TestMethodWorker.java:125)
at org.testng.internal.TestMethodWorker.run(TestMethodWorker.java:109)
at org.testng.TestRunner.privateRun(TestRunner.java:648)
at org.testng.TestRunner.run(TestRunner.java:505)
at org.testng.SuiteRunner.runTest(SuiteRunner.java:455)
at org.testng.SuiteRunner.runSequentially(SuiteRunner.java:450)
at org.testng.SuiteRunner.privateRun(SuiteRunner.java:415)
at org.testng.SuiteRunner.run(SuiteRunner.java:364)
at org.testng.SuiteRunnerWorker.runSuite(SuiteRunnerWorker.java:52)
at org.testng.SuiteRunnerWorker.run(SuiteRunnerWorker.java:84)
at org.testng.TestNG.runSuitesSequentially(TestNG.java:1208)
at org.testng.TestNG.runSuitesLocally(TestNG.java:1137)
at org.testng.TestNG.runSuites(TestNG.java:1049)
at org.testng.TestNG.run(TestNG.java:1017)
at org.apache.maven.surefire.testng.TestNGExecutor.run(TestNGExecutor.java:135)
at org.apache.maven.surefire.testng.TestNGDirectoryTestSuite.executeSingleClass(TestNGDirectoryTestSuite.java:112)
at org.apache.maven.surefire.testng.TestNGDirectoryTestSuite.execute(TestNGDirectoryTestSuite.java:99)
at org.apache.maven.surefire.testng.TestNGProvider.invoke(TestNGProvider.java:146)
at org.apache.maven.surefire.booter.ForkedBooter.invokeProviderInSameClassLoader(ForkedBooter.java:384)
at org.apache.maven.surefire.booter.ForkedBooter.runSuitesInProcess(ForkedBooter.java:345)
at org.apache.maven.surefire.booter.ForkedBooter.execute(ForkedBooter.java:126)
at org.apache.maven.surefire.booter.ForkedBooter.main(ForkedBooter.java:418)
]]>
            </full-stacktrace>
          </exception> <!-- org.testng.SkipException -->
          <reporter-output>
          </reporter-output>
        </test-method> <!-- shouldAnswerWithTrue -->
        <test-method signature="shouldAnswerWithTrue(java.lang.String, java.lang.String, java.lang.String, java.lang.String, java.lang.String, java.lang.String)[pri:0, instance:com.samplepro.project.AppTest@38364841]" started-at="2023-07-05T06:38:54Z" name="shouldAnswerWithTrue" data-provider="getTestData" finished-at="2023-07-05T06:39:25Z" duration-ms="31798" status="PASS">
          <params>
            <param index="0">
              <value>
                <![CDATA[9]]>
              </value>
            </param>
            <param index="1">
              <value>
                <![CDATA[https://slicsit.novactech.net/services/unclaimed-amounts]]>
              </value>
            </param>
            <param index="2">
              <value>
                <![CDATA[unclaimed amounts | shriram life insurance]]>
              </value>
            </param>
            <param index="3">
              <value>
                <![CDATA[unclaimed amounts in shriram life insurance]]>
              </value>
            </param>
            <param index="4">
              <value>
                <![CDATA[dffdsf]]>
              </value>
            </param>
            <param index="5">
              <value>
                <![CDATA[unclaimed amounts]]>
              </value>
            </param>
          </params>
          <reporter-output>
          </reporter-output>
        </test-method> <!-- shouldAnswerWithTrue -->
        <test-method signature="shouldAnswerWithTrue(java.lang.String, java.lang.String, java.lang.String, java.lang.String, java.lang.String, java.lang.String)[pri:0, instance:com.samplepro.project.AppTest@38364841]" started-at="2023-07-05T06:39:25Z" name="shouldAnswerWithTrue" data-provider="getTestData" finished-at="2023-07-05T06:39:57Z" duration-ms="31186" status="PASS">
          <params>
            <param index="0">
              <value>
                <![CDATA[10]]>
              </value>
            </param>
            <param index="1">
              <value>
                <![CDATA[https://slicsit.novactech.net/services/nav-history]]>
              </value>
            </param>
            <param index="2">
              <value>
                <![CDATA[nav history | shriram life insurance]]>
              </value>
            </param>
            <param index="3">
              <value>
                <![CDATA[nav history by shriram life insurance]]>
              </value>
            </param>
            <param index="4">
              <value>
                <![CDATA[dffdsf]]>
              </value>
            </param>
            <param index="5">
              <value>
                <![CDATA[nav history]]>
              </value>
            </param>
          </params>
          <reporter-output>
          </reporter-output>
        </test-method> <!-- shouldAnswerWithTrue -->
        <test-method signature="shouldAnswerWithTrue(java.lang.String, java.lang.String, java.lang.String, java.lang.String, java.lang.String, java.lang.String)[pri:0, instance:com.samplepro.project.AppTest@38364841]" started-at="2023-07-05T06:39:57Z" name="shouldAnswerWithTrue" data-provider="getTestData" finished-at="2023-07-05T06:40:29Z" duration-ms="32232" status="PASS">
          <params>
            <param index="0">
              <value>
                <![CDATA[11]]>
              </value>
            </param>
            <param index="1">
              <value>
                <![CDATA[https://slicsit.novactech.net/legal/become-an-advisor]]>
              </value>
            </param>
            <param index="2">
              <value>
                <![CDATA[become an advisor | shriram life insurance]]>
              </value>
            </param>
            <param index="3">
              <value>
                <![CDATA[register as an advisor in shriram life insurance]]>
              </value>
            </param>
            <param index="4">
              <value>
                <![CDATA[dffdsf]]>
              </value>
            </param>
            <param index="5">
              <value>
                <![CDATA[become an advisor]]>
              </value>
            </param>
          </params>
          <reporter-output>
          </reporter-output>
        </test-method> <!-- shouldAnswerWithTrue -->
        <test-method signature="shouldAnswerWithTrue(java.lang.String, java.lang.String, java.lang.String, java.lang.String, java.lang.String, java.lang.String)[pri:0, instance:com.samplepro.project.AppTest@38364841]" started-at="2023-07-05T06:40:29Z" name="shouldAnswerWithTrue" data-provider="getTestData" finished-at="2023-07-05T06:41:00Z" duration-ms="31656" status="PASS">
          <params>
            <param index="0">
              <value>
                <![CDATA[12]]>
              </value>
            </param>
            <param index="1">
              <value>
                <![CDATA[https://slicsit.novactech.net/life-insurance/super-income-plan]]>
              </value>
            </param>
            <param index="2">
              <value>
                <![CDATA[super income plan in india | shriram life insurance]]>
              </value>
            </param>
            <param index="3">
              <value>
                <![CDATA[buy super income life insurance premium plan and track policy online. riders add-ons. get covered up to 75 years and also avail tax benefits u/s 80c]]>
              </value>
            </param>
            <param index="4">
              <value>
                <![CDATA[dffdsf]]>
              </value>
            </param>
            <param index="5">
              <value>
                <![CDATA[shriram life super income plan]]>
              </value>
            </param>
          </params>
          <reporter-output>
          </reporter-output>
        </test-method> <!-- shouldAnswerWithTrue -->
        <test-method signature="shouldAnswerWithTrue(java.lang.String, java.lang.String, java.lang.String, java.lang.String, java.lang.String, java.lang.String)[pri:0, instance:com.samplepro.project.AppTest@38364841]" started-at="2023-07-05T06:41:00Z" name="shouldAnswerWithTrue" data-provider="getTestData" finished-at="2023-07-05T06:41:30Z" duration-ms="29932" status="PASS">
          <params>
            <param index="0">
              <value>
                <![CDATA[13]]>
              </value>
            </param>
            <param index="1">
              <value>
                <![CDATA[https://slicsit.novactech.net/life-insurance/assured-income-plan]]>
              </value>
            </param>
            <param index="2">
              <value>
                <![CDATA[assured income plan in india | shriram life insurance]]>
              </value>
            </param>
            <param index="3">
              <value>
                <![CDATA[buy assured income life insurance premium plan and track policy online. riders add-ons. get covered up to 70 years and also avail tax benefits u/s 80c]]>
              </value>
            </param>
            <param index="4">
              <value>
                <![CDATA[dffdsf]]>
              </value>
            </param>
            <param index="5">
              <value>
                <![CDATA[shriram life assured income plan]]>
              </value>
            </param>
          </params>
          <reporter-output>
          </reporter-output>
        </test-method> <!-- shouldAnswerWithTrue -->
        <test-method signature="shouldAnswerWithTrue(java.lang.String, java.lang.String, java.lang.String, java.lang.String, java.lang.String, java.lang.String)[pri:0, instance:com.samplepro.project.AppTest@38364841]" started-at="2023-07-05T06:41:30Z" name="shouldAnswerWithTrue" data-provider="getTestData" finished-at="2023-07-05T06:42:02Z" duration-ms="31744" status="PASS">
          <params>
            <param index="0">
              <value>
                <![CDATA[14]]>
              </value>
            </param>
            <param index="1">
              <value>
                <![CDATA[https://slicsit.novactech.net/life-insurance/savings-plan]]>
              </value>
            </param>
            <param index="2">
              <value>
                <![CDATA[shriram life insurance premium savings plans in india]]>
              </value>
            </param>
            <param index="3">
              <value>
                <![CDATA[buy shriram life insurance premium savings plans and track policy online. can opt for riders add-ons. get covered with tax benefits u/s 80c]]>
              </value>
            </param>
            <param index="4">
              <value>
                <![CDATA[dffdsf]]>
              </value>
            </param>
            <param index="5">
              <value>
                <![CDATA[life insurance savings plan]]>
              </value>
            </param>
          </params>
          <reporter-output>
          </reporter-output>
        </test-method> <!-- shouldAnswerWithTrue -->
        <test-method signature="shouldAnswerWithTrue(java.lang.String, java.lang.String, java.lang.String, java.lang.String, java.lang.String, java.lang.String)[pri:0, instance:com.samplepro.project.AppTest@38364841]" started-at="2023-07-05T06:42:02Z" name="shouldAnswerWithTrue" data-provider="getTestData" finished-at="2023-07-05T06:42:35Z" duration-ms="32606" status="PASS">
          <params>
            <param index="0">
              <value>
                <![CDATA[15]]>
              </value>
            </param>
            <param index="1">
              <value>
                <![CDATA[https://slicsit.novactech.net/reach-us]]>
              </value>
            </param>
            <param index="2">
              <value>
                <![CDATA[reach us | shriram life insurance]]>
              </value>
            </param>
            <param index="3">
              <value>
                <![CDATA[you can reach us by toll-free numbers or through branch]]>
              </value>
            </param>
            <param index="4">
              <value>
                <![CDATA[dffdsf]]>
              </value>
            </param>
            <param index="5">
              <value>
                <![CDATA[reach us]]>
              </value>
            </param>
          </params>
          <reporter-output>
          </reporter-output>
        </test-method> <!-- shouldAnswerWithTrue -->
        <test-method signature="shouldAnswerWithTrue(java.lang.String, java.lang.String, java.lang.String, java.lang.String, java.lang.String, java.lang.String)[pri:0, instance:com.samplepro.project.AppTest@38364841]" started-at="2023-07-05T06:42:35Z" name="shouldAnswerWithTrue" data-provider="getTestData" finished-at="2023-07-05T06:43:07Z" duration-ms="31882" status="PASS">
          <params>
            <param index="0">
              <value>
                <![CDATA[16]]>
              </value>
            </param>
            <param index="1">
              <value>
                <![CDATA[https://slicsit.novactech.net/contact-us/branches]]>
              </value>
            </param>
            <param index="2">
              <value>
                <![CDATA[branch locator | shriram life insurance]]>
              </value>
            </param>
            <param index="3">
              <value>
                <![CDATA[locate the shriram life insurance branches nearby your location]]>
              </value>
            </param>
            <param index="4">
              <value>
                <![CDATA[dffdsf]]>
              </value>
            </param>
            <param index="5">
              <value>
                <![CDATA[branch locator]]>
              </value>
            </param>
          </params>
          <reporter-output>
          </reporter-output>
        </test-method> <!-- shouldAnswerWithTrue -->
        <test-method signature="shouldAnswerWithTrue(java.lang.String, java.lang.String, java.lang.String, java.lang.String, java.lang.String, java.lang.String)[pri:0, instance:com.samplepro.project.AppTest@38364841]" started-at="2023-07-05T06:43:07Z" name="shouldAnswerWithTrue" data-provider="getTestData" finished-at="2023-07-05T06:43:39Z" duration-ms="32704" status="PASS">
          <params>
            <param index="0">
              <value>
                <![CDATA[17]]>
              </value>
            </param>
            <param index="1">
              <value>
                <![CDATA[https://slicsit.novactech.net/services/grievance-redressal]]>
              </value>
            </param>
            <param index="2">
              <value>
                <![CDATA[grievance redressal | shriram life insurance]]>
              </value>
            </param>
            <param index="3">
              <value>
                <![CDATA[grievance redressal by shriram life insurance]]>
              </value>
            </param>
            <param index="4">
              <value>
                <![CDATA[dffdsf]]>
              </value>
            </param>
            <param index="5">
              <value>
                <![CDATA[grievance redressal contact us]]>
              </value>
            </param>
          </params>
          <reporter-output>
          </reporter-output>
        </test-method> <!-- shouldAnswerWithTrue -->
        <test-method signature="shouldAnswerWithTrue(java.lang.String, java.lang.String, java.lang.String, java.lang.String, java.lang.String, java.lang.String)[pri:0, instance:com.samplepro.project.AppTest@38364841]" started-at="2023-07-05T06:43:39Z" name="shouldAnswerWithTrue" data-provider="getTestData" finished-at="2023-07-05T06:44:27Z" duration-ms="48088" status="PASS">
          <params>
            <param index="0">
              <value>
                <![CDATA[18]]>
              </value>
            </param>
            <param index="1">
              <value>
                <![CDATA[https://slicsit.novactech.net/services/register-for-whatsapp]]>
              </value>
            </param>
            <param index="2">
              <value>
                <![CDATA[register for whatsapp | shriram life insurance]]>
              </value>
            </param>
            <param index="3">
              <value>
                <![CDATA[register for whatsapp by shriram life insurance]]>
              </value>
            </param>
            <param index="4">
              <value>
                <![CDATA[dffdsf]]>
              </value>
            </param>
            <param index="5">
              <value>
                <![CDATA[register for whatsapp]]>
              </value>
            </param>
          </params>
          <reporter-output>
          </reporter-output>
        </test-method> <!-- shouldAnswerWithTrue -->
        <test-method signature="shouldAnswerWithTrue(java.lang.String, java.lang.String, java.lang.String, java.lang.String, java.lang.String, java.lang.String)[pri:0, instance:com.samplepro.project.AppTest@38364841]" started-at="2023-07-05T06:44:27Z" name="shouldAnswerWithTrue" data-provider="getTestData" finished-at="2023-07-05T06:44:59Z" duration-ms="31905" status="PASS">
          <params>
            <param index="0">
              <value>
                <![CDATA[19]]>
              </value>
            </param>
            <param index="1">
              <value>
                <![CDATA[https://slicsit.novactech.net/services/nach-mandate-deactivation]]>
              </value>
            </param>
            <param index="2">
              <value>
                <![CDATA[nach mandate deactivation | shriram life insurance]]>
              </value>
            </param>
            <param index="3">
              <value>
                <![CDATA[nach mandate deactivation in shriram life insurance]]>
              </value>
            </param>
            <param index="4">
              <value>
                <![CDATA[dffdsf]]>
              </value>
            </param>
            <param index="5">
              <value>
                <![CDATA[nach mandate deactivation]]>
              </value>
            </param>
          </params>
          <reporter-output>
          </reporter-output>
        </test-method> <!-- shouldAnswerWithTrue -->
        <test-method signature="shouldAnswerWithTrue(java.lang.String, java.lang.String, java.lang.String, java.lang.String, java.lang.String, java.lang.String)[pri:0, instance:com.samplepro.project.AppTest@38364841]" started-at="2023-07-05T06:44:59Z" name="shouldAnswerWithTrue" data-provider="getTestData" finished-at="2023-07-05T06:45:31Z" duration-ms="31509" status="PASS">
          <params>
            <param index="0">
              <value>
                <![CDATA[20]]>
              </value>
            </param>
            <param index="1">
              <value>
                <![CDATA[https://slicsit.novactech.net/services/online-dgh-submission]]>
              </value>
            </param>
            <param index="2">
              <value>
                <![CDATA[online dgh submission | shriram life insurance]]>
              </value>
            </param>
            <param index="3">
              <value>
                <![CDATA[online dgh submission in shriram life insurance]]>
              </value>
            </param>
            <param index="4">
              <value>
                <![CDATA[dffdsf]]>
              </value>
            </param>
            <param index="5">
              <value>
                <![CDATA[online dgh submission]]>
              </value>
            </param>
          </params>
          <reporter-output>
          </reporter-output>
        </test-method> <!-- shouldAnswerWithTrue -->
        <test-method signature="shouldAnswerWithTrue(java.lang.String, java.lang.String, java.lang.String, java.lang.String, java.lang.String, java.lang.String)[pri:0, instance:com.samplepro.project.AppTest@38364841]" started-at="2023-07-05T06:45:31Z" name="shouldAnswerWithTrue" data-provider="getTestData" finished-at="2023-07-05T06:46:03Z" duration-ms="31721" status="PASS">
          <params>
            <param index="0">
              <value>
                <![CDATA[21]]>
              </value>
            </param>
            <param index="1">
              <value>
                <![CDATA[https://slicsit.novactech.net/discover/media/press-coverage]]>
              </value>
            </param>
            <param index="2">
              <value>
                <![CDATA[press coverage | shriram life insurance]]>
              </value>
            </param>
            <param index="3">
              <value>
                <![CDATA[press coverage by shriram life insurance]]>
              </value>
            </param>
            <param index="4">
              <value>
                <![CDATA[dffdsf]]>
              </value>
            </param>
            <param index="5">
              <value>
                <![CDATA[media press coverage]]>
              </value>
            </param>
          </params>
          <reporter-output>
          </reporter-output>
        </test-method> <!-- shouldAnswerWithTrue -->
        <test-method signature="shouldAnswerWithTrue(java.lang.String, java.lang.String, java.lang.String, java.lang.String, java.lang.String, java.lang.String)[pri:0, instance:com.samplepro.project.AppTest@38364841]" started-at="2023-07-05T06:46:03Z" name="shouldAnswerWithTrue" data-provider="getTestData" finished-at="2023-07-05T06:46:35Z" duration-ms="32538" status="PASS">
          <params>
            <param index="0">
              <value>
                <![CDATA[22]]>
              </value>
            </param>
            <param index="1">
              <value>
                <![CDATA[https://slicsit.novactech.net/discover/videos]]>
              </value>
            </param>
            <param index="2">
              <value>
                <![CDATA[videos | shriram life insurance]]>
              </value>
            </param>
            <param index="3">
              <value>
                <![CDATA[explore our life insurance plans & policy videos.]]>
              </value>
            </param>
            <param index="4">
              <value>
                <![CDATA[dffdsf]]>
              </value>
            </param>
            <param index="5">
              <value>
                <![CDATA[videos]]>
              </value>
            </param>
          </params>
          <reporter-output>
          </reporter-output>
        </test-method> <!-- shouldAnswerWithTrue -->
        <test-method signature="shouldAnswerWithTrue(java.lang.String, java.lang.String, java.lang.String, java.lang.String, java.lang.String, java.lang.String)[pri:0, instance:com.samplepro.project.AppTest@38364841]" started-at="2023-07-05T06:46:35Z" name="shouldAnswerWithTrue" data-provider="getTestData" finished-at="2023-07-05T06:47:09Z" duration-ms="34334" status="PASS">
          <params>
            <param index="0">
              <value>
                <![CDATA[23]]>
              </value>
            </param>
            <param index="1">
              <value>
                <![CDATA[https://slicsit.novactech.net/discover/careers]]>
              </value>
            </param>
            <param index="2">
              <value>
                <![CDATA[careers | shriram life insurance]]>
              </value>
            </param>
            <param index="3">
              <value>
                <![CDATA[explore our shriram life careers]]>
              </value>
            </param>
            <param index="4">
              <value>
                <![CDATA[dffdsf]]>
              </value>
            </param>
            <param index="5">
              <value>
                <![CDATA[careers]]>
              </value>
            </param>
          </params>
          <reporter-output>
          </reporter-output>
        </test-method> <!-- shouldAnswerWithTrue -->
        <test-method signature="shouldAnswerWithTrue(java.lang.String, java.lang.String, java.lang.String, java.lang.String, java.lang.String, java.lang.String)[pri:0, instance:com.samplepro.project.AppTest@38364841]" started-at="2023-07-05T06:47:09Z" name="shouldAnswerWithTrue" data-provider="getTestData" finished-at="2023-07-05T06:47:41Z" duration-ms="31099" status="PASS">
          <params>
            <param index="0">
              <value>
                <![CDATA[24]]>
              </value>
            </param>
            <param index="1">
              <value>
                <![CDATA[https://slicsit.novactech.net/legal/do-not-call]]>
              </value>
            </param>
            <param index="2">
              <value>
                <![CDATA[do not call | shriram life insurance]]>
              </value>
            </param>
            <param index="3">
              <value>
                <![CDATA[do not call by shriram life insurance]]>
              </value>
            </param>
            <param index="4">
              <value>
                <![CDATA[dffdsf]]>
              </value>
            </param>
            <param index="5">
              <value>
                <![CDATA[do not call]]>
              </value>
            </param>
          </params>
          <reporter-output>
          </reporter-output>
        </test-method> <!-- shouldAnswerWithTrue -->
        <test-method signature="shouldAnswerWithTrue(java.lang.String, java.lang.String, java.lang.String, java.lang.String, java.lang.String, java.lang.String)[pri:0, instance:com.samplepro.project.AppTest@38364841]" started-at="2023-07-05T06:47:41Z" name="shouldAnswerWithTrue" data-provider="getTestData" finished-at="2023-07-05T06:48:12Z" duration-ms="31548" status="PASS">
          <params>
            <param index="0">
              <value>
                <![CDATA[25]]>
              </value>
            </param>
            <param index="1">
              <value>
                <![CDATA[https://slicsit.novactech.net/legal/data-privacy-policy]]>
              </value>
            </param>
            <param index="2">
              <value>
                <![CDATA[data privacy policy | shriram life insurance]]>
              </value>
            </param>
            <param index="3">
              <value>
                <![CDATA[learn more about the data privacy policy of shriram life]]>
              </value>
            </param>
            <param index="4">
              <value>
                <![CDATA[dffdsf]]>
              </value>
            </param>
            <param index="5">
              <value>
                <![CDATA[data privacy policy]]>
              </value>
            </param>
          </params>
          <reporter-output>
          </reporter-output>
        </test-method> <!-- shouldAnswerWithTrue -->
        <test-method signature="shouldAnswerWithTrue(java.lang.String, java.lang.String, java.lang.String, java.lang.String, java.lang.String, java.lang.String)[pri:0, instance:com.samplepro.project.AppTest@38364841]" started-at="2023-07-05T06:48:12Z" name="shouldAnswerWithTrue" data-provider="getTestData" finished-at="2023-07-05T06:48:43Z" duration-ms="31301" status="PASS">
          <params>
            <param index="0">
              <value>
                <![CDATA[26]]>
              </value>
            </param>
            <param index="1">
              <value>
                <![CDATA[https://slicsit.novactech.net/nri/nri-zone]]>
              </value>
            </param>
            <param index="2">
              <value>
                <![CDATA[nri zone | shriram life insurance]]>
              </value>
            </param>
            <param index="3">
              <value>
                <![CDATA[shriram life insurance offers life insurance with term plans. nris can reach us to know more about our plans and policies.]]>
              </value>
            </param>
            <param index="4">
              <value>
                <![CDATA[dffdsf]]>
              </value>
            </param>
            <param index="5">
              <value>
                <![CDATA[nri zone]]>
              </value>
            </param>
          </params>
          <reporter-output>
          </reporter-output>
        </test-method> <!-- shouldAnswerWithTrue -->
        <test-method signature="shouldAnswerWithTrue(java.lang.String, java.lang.String, java.lang.String, java.lang.String, java.lang.String, java.lang.String)[pri:0, instance:com.samplepro.project.AppTest@38364841]" started-at="2023-07-05T06:48:43Z" name="shouldAnswerWithTrue" data-provider="getTestData" finished-at="2023-07-05T06:49:17Z" duration-ms="33885" status="PASS">
          <params>
            <param index="0">
              <value>
                <![CDATA[27]]>
              </value>
            </param>
            <param index="1">
              <value>
                <![CDATA[https://slicsit.novactech.net/life-insurance/savings-plan-calculator]]>
              </value>
            </param>
            <param index="2">
              <value>
                <![CDATA[savings plan calculator | shriram life insurance]]>
              </value>
            </param>
            <param index="3">
              <value>
                <![CDATA[get to know your life insurance premium using our savings plan calculator]]>
              </value>
            </param>
            <param index="4">
              <value>
                <![CDATA[dffdsf]]>
              </value>
            </param>
            <param index="5">
              <value>
                <![CDATA[savings plan calculator]]>
              </value>
            </param>
          </params>
          <reporter-output>
          </reporter-output>
        </test-method> <!-- shouldAnswerWithTrue -->
        <test-method signature="shouldAnswerWithTrue(java.lang.String, java.lang.String, java.lang.String, java.lang.String, java.lang.String, java.lang.String)[pri:0, instance:com.samplepro.project.AppTest@38364841]" started-at="2023-07-05T06:49:17Z" name="shouldAnswerWithTrue" data-provider="getTestData" finished-at="2023-07-05T06:49:49Z" duration-ms="31238" status="PASS">
          <params>
            <param index="0">
              <value>
                <![CDATA[28]]>
              </value>
            </param>
            <param index="1">
              <value>
                <![CDATA[https://slicsit.novactech.net/life-insurance/retirement-calculator]]>
              </value>
            </param>
            <param index="2">
              <value>
                <![CDATA[retirement calculator | shriram life insurance]]>
              </value>
            </param>
            <param index="3">
              <value>
                <![CDATA[get to know your retirement plan life insurance premium amount by checking our innovative retirement calculator.]]>
              </value>
            </param>
            <param index="4">
              <value>
                <![CDATA[dffdsf]]>
              </value>
            </param>
            <param index="5">
              <value>
                <![CDATA[retirement calculator]]>
              </value>
            </param>
          </params>
          <reporter-output>
          </reporter-output>
        </test-method> <!-- shouldAnswerWithTrue -->
        <test-method signature="shouldAnswerWithTrue(java.lang.String, java.lang.String, java.lang.String, java.lang.String, java.lang.String, java.lang.String)[pri:0, instance:com.samplepro.project.AppTest@38364841]" started-at="2023-07-05T06:49:49Z" name="shouldAnswerWithTrue" data-provider="getTestData" finished-at="2023-07-05T06:50:21Z" duration-ms="32224" status="PASS">
          <params>
            <param index="0">
              <value>
                <![CDATA[29]]>
              </value>
            </param>
            <param index="1">
              <value>
                <![CDATA[https://slicsit.novactech.net/life-insurance/child-plan-calculator]]>
              </value>
            </param>
            <param index="2">
              <value>
                <![CDATA[child plan calculator | shriram life insurance]]>
              </value>
            </param>
            <param index="3">
              <value>
                <![CDATA[get to know your child plans life insurance premium amount by checking our innovative tool]]>
              </value>
            </param>
            <param index="4">
              <value>
                <![CDATA[dffdsf]]>
              </value>
            </param>
            <param index="5">
              <value>
                <![CDATA[shriram life child plan calculator]]>
              </value>
            </param>
          </params>
          <reporter-output>
          </reporter-output>
        </test-method> <!-- shouldAnswerWithTrue -->
        <test-method signature="shouldAnswerWithTrue(java.lang.String, java.lang.String, java.lang.String, java.lang.String, java.lang.String, java.lang.String)[pri:0, instance:com.samplepro.project.AppTest@38364841]" started-at="2023-07-05T06:50:21Z" name="shouldAnswerWithTrue" data-provider="getTestData" finished-at="2023-07-05T06:50:53Z" duration-ms="32429" status="PASS">
          <params>
            <param index="0">
              <value>
                <![CDATA[30]]>
              </value>
            </param>
            <param index="1">
              <value>
                <![CDATA[https://slicsit.novactech.net/blog]]>
              </value>
            </param>
            <param index="2">
              <value>
                <![CDATA[affordable insurance plan & policies in india | shriram life]]>
              </value>
            </param>
            <param index="3">
              <value>
                <![CDATA[we, at shriram life, don't want you to get panic for yours & your loved one's future. read our blogs to learn how & where to invest your money for a secured output.]]>
              </value>
            </param>
            <param index="4">
              <value>
                <![CDATA[dffdsf]]>
              </value>
            </param>
            <param index="5">
              <value>
                <![CDATA[blog]]>
              </value>
            </param>
          </params>
          <reporter-output>
          </reporter-output>
        </test-method> <!-- shouldAnswerWithTrue -->
        <test-method signature="shouldAnswerWithTrue(java.lang.String, java.lang.String, java.lang.String, java.lang.String, java.lang.String, java.lang.String)[pri:0, instance:com.samplepro.project.AppTest@38364841]" started-at="2023-07-05T06:50:53Z" name="shouldAnswerWithTrue" data-provider="getTestData" finished-at="2023-07-05T06:51:25Z" duration-ms="31660" status="PASS">
          <params>
            <param index="0">
              <value>
                <![CDATA[31]]>
              </value>
            </param>
            <param index="1">
              <value>
                <![CDATA[https://slicsit.novactech.net/smoking-calculator]]>
              </value>
            </param>
            <param index="2">
              <value>
                <![CDATA[smoking calculator | shriram life insurance]]>
              </value>
            </param>
            <param index="3">
              <value>
                <![CDATA[smoking have an impact on life insurance premium. get to know the approx. amount by checking the smoking calculator]]>
              </value>
            </param>
            <param index="4">
              <value>
                <![CDATA[No excel data found]]>
              </value>
            </param>
            <param index="5">
              <value>
                <![CDATA[smoking calculator]]>
              </value>
            </param>
          </params>
          <reporter-output>
          </reporter-output>
        </test-method> <!-- shouldAnswerWithTrue -->
        <test-method signature="shouldAnswerWithTrue(java.lang.String, java.lang.String, java.lang.String, java.lang.String, java.lang.String, java.lang.String)[pri:0, instance:com.samplepro.project.AppTest@38364841]" started-at="2023-07-05T06:51:25Z" name="shouldAnswerWithTrue" data-provider="getTestData" finished-at="2023-07-05T06:51:56Z" duration-ms="31266" status="PASS">
          <params>
            <param index="0">
              <value>
                <![CDATA[32]]>
              </value>
            </param>
            <param index="1">
              <value>
                <![CDATA[https://slicsit.novactech.net/bmi-calculator]]>
              </value>
            </param>
            <param index="2">
              <value>
                <![CDATA[bmi calculator | shriram life insurance]]>
              </value>
            </param>
            <param index="3">
              <value>
                <![CDATA[our health have an impact on life insurance premium. get to know the approx. amount by checking the bmi calculator]]>
              </value>
            </param>
            <param index="4">
              <value>
                <![CDATA[No excel data found]]>
              </value>
            </param>
            <param index="5">
              <value>
                <![CDATA[bmi calculator]]>
              </value>
            </param>
          </params>
          <reporter-output>
          </reporter-output>
        </test-method> <!-- shouldAnswerWithTrue -->
        <test-method signature="shouldAnswerWithTrue(java.lang.String, java.lang.String, java.lang.String, java.lang.String, java.lang.String, java.lang.String)[pri:0, instance:com.samplepro.project.AppTest@38364841]" started-at="2023-07-05T06:51:56Z" name="shouldAnswerWithTrue" data-provider="getTestData" finished-at="2023-07-05T06:52:28Z" duration-ms="31785" status="PASS">
          <params>
            <param index="0">
              <value>
                <![CDATA[33]]>
              </value>
            </param>
            <param index="1">
              <value>
                <![CDATA[https://slicsit.novactech.net/double-your-money-calculator]]>
              </value>
            </param>
            <param index="2">
              <value>
                <![CDATA[double your money calculator | shriram life insurance]]>
              </value>
            </param>
            <param index="3">
              <value>
                <![CDATA[get to know our unique double your money calculator with our innovative tool]]>
              </value>
            </param>
            <param index="4">
              <value>
                <![CDATA[No excel data found]]>
              </value>
            </param>
            <param index="5">
              <value>
                <![CDATA[double your money calculator]]>
              </value>
            </param>
          </params>
          <reporter-output>
          </reporter-output>
        </test-method> <!-- shouldAnswerWithTrue -->
        <test-method signature="shouldAnswerWithTrue(java.lang.String, java.lang.String, java.lang.String, java.lang.String, java.lang.String, java.lang.String)[pri:0, instance:com.samplepro.project.AppTest@38364841]" started-at="2023-07-05T06:52:28Z" name="shouldAnswerWithTrue" data-provider="getTestData" finished-at="2023-07-05T06:52:59Z" duration-ms="31591" status="PASS">
          <params>
            <param index="0">
              <value>
                <![CDATA[34]]>
              </value>
            </param>
            <param index="1">
              <value>
                <![CDATA[https://slicsit.novactech.net/hlv-calculator]]>
              </value>
            </param>
            <param index="2">
              <value>
                <![CDATA[new hlv calculator | shriram life insurance]]>
              </value>
            </param>
            <param index="3">
              <value>
                <![CDATA[get to know our new hlv calculator by checking the innovative tool.]]>
              </value>
            </param>
            <param index="4">
              <value>
                <![CDATA[No excel data found]]>
              </value>
            </param>
            <param index="5">
              <value>
                <![CDATA[new hlv]]>
              </value>
            </param>
          </params>
          <reporter-output>
          </reporter-output>
        </test-method> <!-- shouldAnswerWithTrue -->
        <test-method signature="shouldAnswerWithTrue(java.lang.String, java.lang.String, java.lang.String, java.lang.String, java.lang.String, java.lang.String)[pri:0, instance:com.samplepro.project.AppTest@38364841]" started-at="2023-07-05T06:52:59Z" name="shouldAnswerWithTrue" data-provider="getTestData" finished-at="2023-07-05T06:53:34Z" duration-ms="34535" status="PASS">
          <params>
            <param index="0">
              <value>
                <![CDATA[35]]>
              </value>
            </param>
            <param index="1">
              <value>
                <![CDATA[https://slicsit.novactech.net/discover/about-us/public-disclosures]]>
              </value>
            </param>
            <param index="2">
              <value>
                <![CDATA[public disclosures | shriram life insurance]]>
              </value>
            </param>
            <param index="3">
              <value>
                <![CDATA[public disclosures in shriram life insurance]]>
              </value>
            </param>
            <param index="4">
              <value>
                <![CDATA[No excel data found]]>
              </value>
            </param>
            <param index="5">
              <value>
                <![CDATA[public disclosures]]>
              </value>
            </param>
          </params>
          <reporter-output>
          </reporter-output>
        </test-method> <!-- shouldAnswerWithTrue -->
        <test-method is-config="true" signature="driver_close()[pri:0, instance:com.samplepro.project.AppTest@38364841]" started-at="2023-07-05T06:53:34Z" name="driver_close" finished-at="2023-07-05T06:53:36Z" duration-ms="1860" status="PASS">
          <reporter-output>
          </reporter-output>
        </test-method> <!-- driver_close -->
      </class> <!-- com.samplepro.project.AppTest -->
    </test> <!-- Surefire test -->
  </suite> <!-- Surefire suite -->
</testng-results>
